{"numFailedTestSuites":1,"numFailedTests":2,"numPassedTestSuites":1,"numPassedTests":4,"numPendingTestSuites":0,"numPendingTests":0,"numRuntimeErrorTestSuites":0,"numTodoTests":0,"numTotalTestSuites":2,"numTotalTests":6,"openHandles":[],"snapshot":{"added":0,"didUpdate":false,"failure":false,"filesAdded":0,"filesRemoved":0,"filesRemovedList":[],"filesUnmatched":0,"filesUpdated":0,"matched":0,"total":0,"unchecked":0,"uncheckedKeysByFile":[],"unmatched":0,"updated":0},"startTime":1699855273896,"success":false,"testResults":[{"leaks":false,"numFailingTests":2,"numPassingTests":1,"numPendingTests":0,"numTodoTests":0,"openHandles":[],"perfStats":{"end":1699855274280,"runtime":346,"slow":false,"start":1699855273934},"skipped":false,"snapshot":{"added":0,"fileDeleted":false,"matched":0,"unchecked":0,"uncheckedKeys":[],"unmatched":0,"updated":0},"testFilePath":"/home/vrushabh/projects/copy1/ymltesting/precheckins/value.test.js","testResults":[{"ancestorTitles":[],"duration":2,"failureDetails":[],"failureMessages":[],"fullName":"sum of a,b","invocations":1,"location":null,"numPassingAsserts":1,"retryReasons":[],"status":"passed","title":"sum of a,b"},{"ancestorTitles":[],"duration":2,"failureDetails":[{"matcherResult":{"actual":5,"message":"\u001b[2mexpect(\u001b[22m\u001b[31mreceived\u001b[39m\u001b[2m).\u001b[22mtoBe\u001b[2m(\u001b[22m\u001b[32mexpected\u001b[39m\u001b[2m) // Object.is equality\u001b[22m\n\nExpected: \u001b[32mundefined\u001b[39m\nReceived: \u001b[31m5\u001b[39m","name":"toBe","pass":false}}],"failureMessages":["Error: \u001b[2mexpect(\u001b[22m\u001b[31mreceived\u001b[39m\u001b[2m).\u001b[22mtoBe\u001b[2m(\u001b[22m\u001b[32mexpected\u001b[39m\u001b[2m) // Object.is equality\u001b[22m\n\nExpected: \u001b[32mundefined\u001b[39m\nReceived: \u001b[31m5\u001b[39m\n    at Object.toBe (/home/vrushabh/projects/copy1/ymltesting/precheckins/value.test.js:13:24)\n    at Promise.then.completed (/home/vrushabh/projects/copy1/ymltesting/precheckins/node_modules/jest-circus/build/utils.js:298:28)\n    at new Promise (<anonymous>)\n    at callAsyncCircusFn (/home/vrushabh/projects/copy1/ymltesting/precheckins/node_modules/jest-circus/build/utils.js:231:10)\n    at _callCircusTest (/home/vrushabh/projects/copy1/ymltesting/precheckins/node_modules/jest-circus/build/run.js:316:40)\n    at processTicksAndRejections (internal/process/task_queues.js:95:5)\n    at _runTest (/home/vrushabh/projects/copy1/ymltesting/precheckins/node_modules/jest-circus/build/run.js:252:3)\n    at _runTestsForDescribeBlock (/home/vrushabh/projects/copy1/ymltesting/precheckins/node_modules/jest-circus/build/run.js:126:9)\n    at run (/home/vrushabh/projects/copy1/ymltesting/precheckins/node_modules/jest-circus/build/run.js:71:3)\n    at runAndTransformResultsToJestFormat (/home/vrushabh/projects/copy1/ymltesting/precheckins/node_modules/jest-circus/build/legacy-code-todo-rewrite/jestAdapterInit.js:122:21)\n    at jestAdapter (/home/vrushabh/projects/copy1/ymltesting/precheckins/node_modules/jest-circus/build/legacy-code-todo-rewrite/jestAdapter.js:79:19)\n    at runTestInternal (/home/vrushabh/projects/copy1/ymltesting/precheckins/node_modules/jest-runner/build/runTest.js:367:16)\n    at runTest (/home/vrushabh/projects/copy1/ymltesting/precheckins/node_modules/jest-runner/build/runTest.js:444:34)"],"fullName":"sum is ","invocations":1,"location":null,"numPassingAsserts":0,"retryReasons":[],"status":"failed","title":"sum is "},{"ancestorTitles":[],"duration":1,"failureDetails":[{}],"failureMessages":["ReferenceError: val is not defined\n    at Object.val (/home/vrushabh/projects/copy1/ymltesting/precheckins/value.test.js:17:24)\n    at Promise.then.completed (/home/vrushabh/projects/copy1/ymltesting/precheckins/node_modules/jest-circus/build/utils.js:298:28)\n    at new Promise (<anonymous>)\n    at callAsyncCircusFn (/home/vrushabh/projects/copy1/ymltesting/precheckins/node_modules/jest-circus/build/utils.js:231:10)\n    at _callCircusTest (/home/vrushabh/projects/copy1/ymltesting/precheckins/node_modules/jest-circus/build/run.js:316:40)\n    at processTicksAndRejections (internal/process/task_queues.js:95:5)\n    at _runTest (/home/vrushabh/projects/copy1/ymltesting/precheckins/node_modules/jest-circus/build/run.js:252:3)\n    at _runTestsForDescribeBlock (/home/vrushabh/projects/copy1/ymltesting/precheckins/node_modules/jest-circus/build/run.js:126:9)\n    at run (/home/vrushabh/projects/copy1/ymltesting/precheckins/node_modules/jest-circus/build/run.js:71:3)\n    at runAndTransformResultsToJestFormat (/home/vrushabh/projects/copy1/ymltesting/precheckins/node_modules/jest-circus/build/legacy-code-todo-rewrite/jestAdapterInit.js:122:21)\n    at jestAdapter (/home/vrushabh/projects/copy1/ymltesting/precheckins/node_modules/jest-circus/build/legacy-code-todo-rewrite/jestAdapter.js:79:19)\n    at runTestInternal (/home/vrushabh/projects/copy1/ymltesting/precheckins/node_modules/jest-runner/build/runTest.js:367:16)\n    at runTest (/home/vrushabh/projects/copy1/ymltesting/precheckins/node_modules/jest-runner/build/runTest.js:444:34)"],"fullName":"fail","invocations":1,"location":null,"numPassingAsserts":0,"retryReasons":[],"status":"failed","title":"fail"}],"failureMessage":"\u001b[1m\u001b[31m  \u001b[1m● \u001b[22m\u001b[1msum is \u001b[39m\u001b[22m\n\n    \u001b[2mexpect(\u001b[22m\u001b[31mreceived\u001b[39m\u001b[2m).\u001b[22mtoBe\u001b[2m(\u001b[22m\u001b[32mexpected\u001b[39m\u001b[2m) // Object.is equality\u001b[22m\n\n    Expected: \u001b[32mundefined\u001b[39m\n    Received: \u001b[31m5\u001b[39m\n\u001b[2m\u001b[22m\n\u001b[2m    \u001b[0m \u001b[90m 11 |\u001b[39m     it(\u001b[32m'sum is '\u001b[39m\u001b[33m,\u001b[39m () \u001b[33m=>\u001b[39m {\u001b[0m\u001b[22m\n\u001b[2m    \u001b[0m \u001b[90m 12 |\u001b[39m         \u001b[36mconst\u001b[39m result \u001b[33m=\u001b[39m value(\u001b[35m2\u001b[39m\u001b[33m,\u001b[39m\u001b[35m3\u001b[39m)\u001b[33m;\u001b[39m\u001b[0m\u001b[22m\n\u001b[2m    \u001b[0m\u001b[31m\u001b[1m>\u001b[22m\u001b[2m\u001b[39m\u001b[90m 13 |\u001b[39m         expect(result)\u001b[33m.\u001b[39mtoBe()\u001b[33m;\u001b[39m\u001b[0m\u001b[22m\n\u001b[2m    \u001b[0m \u001b[90m    |\u001b[39m                        \u001b[31m\u001b[1m^\u001b[22m\u001b[2m\u001b[39m\u001b[0m\u001b[22m\n\u001b[2m    \u001b[0m \u001b[90m 14 |\u001b[39m     })\u001b[33m;\u001b[39m\u001b[0m\u001b[22m\n\u001b[2m    \u001b[0m \u001b[90m 15 |\u001b[39m\u001b[0m\u001b[22m\n\u001b[2m    \u001b[0m \u001b[90m 16 |\u001b[39m     it(\u001b[32m'fail'\u001b[39m\u001b[33m,\u001b[39m () \u001b[33m=>\u001b[39m {\u001b[0m\u001b[22m\n\u001b[2m\u001b[22m\n\u001b[2m      \u001b[2mat Object.toBe (\u001b[22m\u001b[2m\u001b[0m\u001b[36mvalue.test.js\u001b[39m\u001b[0m\u001b[2m:13:24)\u001b[22m\u001b[2m\u001b[22m\n\n\u001b[1m\u001b[31m  \u001b[1m● \u001b[22m\u001b[1mfail\u001b[39m\u001b[22m\n\n    ReferenceError: val is not defined\n\u001b[2m\u001b[22m\n\u001b[2m    \u001b[0m \u001b[90m 15 |\u001b[39m\u001b[0m\u001b[22m\n\u001b[2m    \u001b[0m \u001b[90m 16 |\u001b[39m     it(\u001b[32m'fail'\u001b[39m\u001b[33m,\u001b[39m () \u001b[33m=>\u001b[39m {\u001b[0m\u001b[22m\n\u001b[2m    \u001b[0m\u001b[31m\u001b[1m>\u001b[22m\u001b[2m\u001b[39m\u001b[90m 17 |\u001b[39m         \u001b[36mconst\u001b[39m result \u001b[33m=\u001b[39m val(\u001b[35m2\u001b[39m\u001b[33m,\u001b[39m\u001b[35m3\u001b[39m)\u001b[33m;\u001b[39m\u001b[0m\u001b[22m\n\u001b[2m    \u001b[0m \u001b[90m    |\u001b[39m                        \u001b[31m\u001b[1m^\u001b[22m\u001b[2m\u001b[39m\u001b[0m\u001b[22m\n\u001b[2m    \u001b[0m \u001b[90m 18 |\u001b[39m         expect(result)\u001b[33m.\u001b[39mtoBe()\u001b[33m;\u001b[39m\u001b[0m\u001b[22m\n\u001b[2m    \u001b[0m \u001b[90m 19 |\u001b[39m     })\u001b[33m;\u001b[39m\u001b[0m\u001b[22m\n\u001b[2m    \u001b[0m \u001b[90m 20 |\u001b[39m\u001b[0m\u001b[22m\n\u001b[2m\u001b[22m\n\u001b[2m      \u001b[2mat Object.val (\u001b[22m\u001b[2m\u001b[0m\u001b[36mvalue.test.js\u001b[39m\u001b[0m\u001b[2m:17:24)\u001b[22m\u001b[2m\u001b[22m\n"},{"leaks":false,"numFailingTests":0,"numPassingTests":3,"numPendingTests":0,"numTodoTests":0,"openHandles":[],"perfStats":{"end":1699855274333,"runtime":47,"slow":false,"start":1699855274286},"skipped":false,"snapshot":{"added":0,"fileDeleted":false,"matched":0,"unchecked":0,"uncheckedKeys":[],"unmatched":0,"updated":0},"testFilePath":"/home/vrushabh/projects/copy1/ymltesting/precheckins/response.test.js","testResults":[{"ancestorTitles":[],"duration":0,"failureDetails":[],"failureMessages":[],"fullName":"pass","invocations":1,"location":null,"numPassingAsserts":1,"retryReasons":[],"status":"passed","title":"pass"},{"ancestorTitles":[],"duration":0,"failureDetails":[],"failureMessages":[],"fullName":"mult","invocations":1,"location":null,"numPassingAsserts":1,"retryReasons":[],"status":"passed","title":"mult"},{"ancestorTitles":[],"duration":1,"failureDetails":[],"failureMessages":[],"fullName":"multiple","invocations":1,"location":null,"numPassingAsserts":1,"retryReasons":[],"status":"passed","title":"multiple"}],"failureMessage":null}],"wasInterrupted":false}