{"numFailedTestSuites":1,"numFailedTests":1,"numPassedTestSuites":1,"numPassedTests":5,"numPendingTestSuites":0,"numPendingTests":0,"numRuntimeErrorTestSuites":0,"numTodoTests":0,"numTotalTestSuites":2,"numTotalTests":6,"openHandles":[],"snapshot":{"added":0,"didUpdate":false,"failure":false,"filesAdded":0,"filesRemoved":0,"filesRemovedList":[],"filesUnmatched":0,"filesUpdated":0,"matched":0,"total":0,"unchecked":0,"uncheckedKeysByFile":[],"unmatched":0,"updated":0},"startTime":1699877644646,"success":false,"testResults":[{"leaks":false,"numFailingTests":1,"numPassingTests":2,"numPendingTests":0,"numTodoTests":0,"openHandles":[],"perfStats":{"end":1699877645223,"runtime":511,"slow":false,"start":1699877644712},"skipped":false,"snapshot":{"added":0,"fileDeleted":false,"matched":0,"unchecked":0,"uncheckedKeys":[],"unmatched":0,"updated":0},"testFilePath":"/home/vrushabh/projects/copy1/ymltesting/precheckins/value.test.js","testResults":[{"ancestorTitles":[],"duration":5,"failureDetails":[],"failureMessages":[],"fullName":"sum of a,b","invocations":1,"location":null,"numPassingAsserts":1,"retryReasons":[],"status":"passed","title":"sum of a,b"},{"ancestorTitles":[],"duration":1,"failureDetails":[],"failureMessages":[],"fullName":"sum is ","invocations":1,"location":null,"numPassingAsserts":1,"retryReasons":[],"status":"passed","title":"sum is "},{"ancestorTitles":[],"duration":2,"failureDetails":[{}],"failureMessages":["ReferenceError: val is not defined\n    at Object.val (/home/vrushabh/projects/copy1/ymltesting/precheckins/value.test.js:14:24)\n    at Promise.then.completed (/home/vrushabh/projects/copy1/ymltesting/precheckins/node_modules/jest-circus/build/utils.js:298:28)\n    at new Promise (<anonymous>)\n    at callAsyncCircusFn (/home/vrushabh/projects/copy1/ymltesting/precheckins/node_modules/jest-circus/build/utils.js:231:10)\n    at _callCircusTest (/home/vrushabh/projects/copy1/ymltesting/precheckins/node_modules/jest-circus/build/run.js:316:40)\n    at processTicksAndRejections (internal/process/task_queues.js:95:5)\n    at _runTest (/home/vrushabh/projects/copy1/ymltesting/precheckins/node_modules/jest-circus/build/run.js:252:3)\n    at _runTestsForDescribeBlock (/home/vrushabh/projects/copy1/ymltesting/precheckins/node_modules/jest-circus/build/run.js:126:9)\n    at run (/home/vrushabh/projects/copy1/ymltesting/precheckins/node_modules/jest-circus/build/run.js:71:3)\n    at runAndTransformResultsToJestFormat (/home/vrushabh/projects/copy1/ymltesting/precheckins/node_modules/jest-circus/build/legacy-code-todo-rewrite/jestAdapterInit.js:122:21)\n    at jestAdapter (/home/vrushabh/projects/copy1/ymltesting/precheckins/node_modules/jest-circus/build/legacy-code-todo-rewrite/jestAdapter.js:79:19)\n    at runTestInternal (/home/vrushabh/projects/copy1/ymltesting/precheckins/node_modules/jest-runner/build/runTest.js:367:16)\n    at runTest (/home/vrushabh/projects/copy1/ymltesting/precheckins/node_modules/jest-runner/build/runTest.js:444:34)"],"fullName":"fail","invocations":1,"location":null,"numPassingAsserts":0,"retryReasons":[],"status":"failed","title":"fail"}],"failureMessage":"  ● fail\n\n    ReferenceError: val is not defined\n\n      12 |\n      13 |     it('fail', () => {\n    > 14 |         const result = val(2,3);\n         |                        ^\n      15 |         expect(result).toBe();\n      16 |     });\n      17 |\n\n      at Object.val (value.test.js:14:24)\n"},{"leaks":false,"numFailingTests":0,"numPassingTests":3,"numPendingTests":0,"numTodoTests":0,"openHandles":[],"perfStats":{"end":1699877645333,"runtime":97,"slow":false,"start":1699877645236},"skipped":false,"snapshot":{"added":0,"fileDeleted":false,"matched":0,"unchecked":0,"uncheckedKeys":[],"unmatched":0,"updated":0},"testFilePath":"/home/vrushabh/projects/copy1/ymltesting/precheckins/response.test.js","testResults":[{"ancestorTitles":[],"duration":2,"failureDetails":[],"failureMessages":[],"fullName":"pass","invocations":1,"location":null,"numPassingAsserts":1,"retryReasons":[],"status":"passed","title":"pass"},{"ancestorTitles":[],"duration":0,"failureDetails":[],"failureMessages":[],"fullName":"mult","invocations":1,"location":null,"numPassingAsserts":1,"retryReasons":[],"status":"passed","title":"mult"},{"ancestorTitles":[],"duration":0,"failureDetails":[],"failureMessages":[],"fullName":"multiple","invocations":1,"location":null,"numPassingAsserts":1,"retryReasons":[],"status":"passed","title":"multiple"}],"failureMessage":null}],"wasInterrupted":false}